<?xml version="1.0" encoding="UTF-8"?>
<!-- Generated by org.testng.reporters.JUnitReportReporter -->
<testsuite hostname="Admin-PC" failures="0" tests="2" name="ShreeTestNG.GoogleTitleTest" time="24.870" errors="0" timestamp="2021-09-04T10:18:39 IST" skipped="0">
  <testcase classname="ShreeTestNG.GoogleTitleTest" name="googleTitleTest" time="11.574"/>
  <system-out/>
  <testcase classname="ShreeTestNG.GoogleTitleTest" name="googleTestLogo" time="13.296"/>
  <system-out/>
</testsuite> <!-- ShreeTestNG.GoogleTitleTest -->
