<?xml version="1.0" encoding="UTF-8"?>
<!-- Generated by org.testng.reporters.JUnitReportReporter -->
<testsuite hostname="Admin-PC" failures="0" tests="4" name="ShreeTestNG.TestNGFeatures" time="0.018" errors="0" timestamp="2021-09-03T22:45:04 IST" skipped="0">
  <testcase classname="ShreeTestNG.TestNGFeatures" name="homePageTest" time="0.001"/>
  <system-out/>
  <testcase classname="ShreeTestNG.TestNGFeatures" name="searchPageTest" time="0.002"/>
  <system-out/>
  <testcase classname="ShreeTestNG.TestNGFeatures" name="logInTest" time="0.013"/>
  <system-out/>
  <testcase classname="ShreeTestNG.TestNGFeatures" name="regPageTest" time="0.002"/>
  <system-out/>
</testsuite> <!-- ShreeTestNG.TestNGFeatures -->
