<?xml version="1.0" encoding="UTF-8"?>
<!-- Generated by org.testng.reporters.JUnitReportReporter -->
<testsuite hostname="Admin-PC" failures="0" tests="1" name="ShreeTestNG.ExceptionTimeOutTest" time="0.009" errors="0" timestamp="2021-09-04T10:18:39 IST" skipped="0">
  <testcase classname="ShreeTestNG.ExceptionTimeOutTest" name="test1" time="0.009"/>
  <system-out/>
</testsuite> <!-- ShreeTestNG.ExceptionTimeOutTest -->
