<?xml version="1.0" encoding="UTF-8"?>
<!-- Generated by org.testng.reporters.JUnitReportReporter -->
<testsuite hostname="Admin-PC" failures="0" tests="1" name="seleniumclass.testNG.AestNGBasics" time="0.003" errors="0" timestamp="2021-11-20T23:31:52 IST" skipped="0">
  <testcase classname="seleniumclass.testNG.AestNGBasics" name="f" time="0.003"/>
  <system-out/>
</testsuite> <!-- seleniumclass.testNG.AestNGBasics -->
