<?xml version="1.0" encoding="UTF-8"?>
<!-- Generated by org.testng.reporters.JUnitReportReporter -->
<testsuite hostname="Admin-PC" failures="0" tests="2" name="seleniumclass.testNG.JobWebSites" time="7.550" errors="0" timestamp="2021-11-20T23:31:52 IST" skipped="1">
  <testcase classname="seleniumclass.testNG.JobWebSites" name="jobWebSiteOne" time="7.550"/>
  <system-out/>
  <testcase classname="seleniumclass.testNG.JobWebSites" name="jobWebSiteTwo">
    <skipped/>
  </testcase> <!-- jobWebSiteTwo -->
  <system-out/>
</testsuite> <!-- seleniumclass.testNG.JobWebSites -->
