<?xml version="1.0" encoding="UTF-8"?>
<!-- Generated by org.testng.reporters.JUnitReportReporter -->
<testsuite hostname="Admin-PC" failures="0" tests="10" name="ShreeTestNG.TestInvocationCount" time="0.051" errors="0" timestamp="2021-09-04T08:39:06 IST" skipped="0">
  <testcase classname="ShreeTestNG.TestInvocationCount" name="sum" time="0.013"/>
  <system-out/>
  <testcase classname="ShreeTestNG.TestInvocationCount" name="sum" time="0.004"/>
  <system-out/>
  <testcase classname="ShreeTestNG.TestInvocationCount" name="sum" time="0.002"/>
  <system-out/>
  <testcase classname="ShreeTestNG.TestInvocationCount" name="sum" time="0.002"/>
  <system-out/>
  <testcase classname="ShreeTestNG.TestInvocationCount" name="sum" time="0.007"/>
  <system-out/>
  <testcase classname="ShreeTestNG.TestInvocationCount" name="sum" time="0.002"/>
  <system-out/>
  <testcase classname="ShreeTestNG.TestInvocationCount" name="sum" time="0.002"/>
  <system-out/>
  <testcase classname="ShreeTestNG.TestInvocationCount" name="sum" time="0.001"/>
  <system-out/>
  <testcase classname="ShreeTestNG.TestInvocationCount" name="sum" time="0.016"/>
  <system-out/>
  <testcase classname="ShreeTestNG.TestInvocationCount" name="sum" time="0.002"/>
  <system-out/>
</testsuite> <!-- ShreeTestNG.TestInvocationCount -->
