<?xml version="1.0" encoding="UTF-8"?>
<!-- Generated by org.testng.reporters.JUnitReportReporter -->
<testsuite hostname="Admin-PC" failures="0" tests="1" name="seleniumclass.testNG.TestNGBasics" time="0.008" errors="0" timestamp="2021-11-20T22:51:55 IST" skipped="0">
  <testcase classname="seleniumclass.testNG.TestNGBasics" name="f" time="0.008"/>
  <system-out/>
</testsuite> <!-- seleniumclass.testNG.TestNGBasics -->
