<?xml version="1.0" encoding="UTF-8"?>
<!-- Generated by org.testng.reporters.JUnitReportReporter -->
<testsuite hostname="Admin-PC" failures="0" tests="6" name="ShreeTestNG.GoogleTest" time="81.093" errors="0" timestamp="2021-09-04T10:18:39 IST" skipped="0">
  <testcase classname="ShreeTestNG.GoogleTest" name="googleTitleTest" time="13.211"/>
  <system-out/>
  <testcase classname="ShreeTestNG.GoogleTest" name="gmailLink" time="14.152"/>
  <system-out/>
  <testcase classname="ShreeTestNG.GoogleTest" name="googleTestLogo" time="13.805"/>
  <system-out/>
  <testcase classname="ShreeTestNG.GoogleTest" name="test1" time="13.195"/>
  <system-out/>
  <testcase classname="ShreeTestNG.GoogleTest" name="test2" time="13.819"/>
  <system-out/>
  <testcase classname="ShreeTestNG.GoogleTest" name="test3" time="12.911"/>
  <system-out/>
</testsuite> <!-- ShreeTestNG.GoogleTest -->
