<?xml version="1.0" encoding="UTF-8"?>
<!-- Generated by org.testng.reporters.JUnitReportReporter -->
<testsuite hostname="Admin-PC" failures="0" tests="1" name="ShreeTestNG.TestParameters" time="25.216" errors="0" timestamp="2021-09-05T08:38:28 IST" skipped="0">
  <testcase classname="ShreeTestNG.TestParameters" name="yahooLoginTest" time="25.216"/>
  <system-out/>
</testsuite> <!-- ShreeTestNG.TestParameters -->
